[     167ms] [INFO] %cDownload the React DevTools for a better development experience: https://react.dev/link/react-devtools font-weight:bold @ http://localhost:5173/node_modules/.vite/deps/react-dom_client.js?v=1132047e:14090
[     307ms] [ERROR] Failed to load resource: the server responded with a status of 403 (Forbidden) @ http://localhost:5173/api/v1/dashboard/hourly-activity:0
[     310ms] [ERROR] Failed to load resource: the server responded with a status of 403 (Forbidden) @ http://localhost:5173/api/v1/dashboard/event-types:0
[     379ms] [ERROR] Failed to load resource: the server responded with a status of 403 (Forbidden) @ http://localhost:5173/api/v1/dashboard/event-types:0
[     380ms] [ERROR] Failed to load resource: the server responded with a status of 403 (Forbidden) @ http://localhost:5173/api/v1/dashboard/hourly-activity:0
[     771ms] [WARNING] THREE.THREE.Clock: This module has been deprecated. Please use THREE.Timer instead. @ http://localhost:5173/node_modules/.vite/deps/three.module-BlkKCuoT.js?v=1132047e:1728
[     814ms] [WARNING] THREE.THREE.Clock: This module has been deprecated. Please use THREE.Timer instead. @ http://localhost:5173/node_modules/.vite/deps/three.module-BlkKCuoT.js?v=1132047e:1728
[     825ms] [WARNING] THREE.THREE.Clock: This module has been deprecated. Please use THREE.Timer instead. @ http://localhost:5173/node_modules/.vite/deps/three.module-BlkKCuoT.js?v=1132047e:1728
[     845ms] [WARNING] THREE.THREE.Clock: This module has been deprecated. Please use THREE.Timer instead. @ http://localhost:5173/node_modules/.vite/deps/three.module-BlkKCuoT.js?v=1132047e:1728
[     857ms] [WARNING] THREE.THREE.Clock: This module has been deprecated. Please use THREE.Timer instead. @ http://localhost:5173/node_modules/.vite/deps/three.module-BlkKCuoT.js?v=1132047e:1728
[     896ms] [WARNING] THREE.THREE.Clock: This module has been deprecated. Please use THREE.Timer instead. @ http://localhost:5173/node_modules/.vite/deps/three.module-BlkKCuoT.js?v=1132047e:1728
[     912ms] [WARNING] THREE.THREE.Clock: This module has been deprecated. Please use THREE.Timer instead. @ http://localhost:5173/node_modules/.vite/deps/three.module-BlkKCuoT.js?v=1132047e:1728
[    1041ms] [WARNING] THREE.THREE.Clock: This module has been deprecated. Please use THREE.Timer instead. @ http://localhost:5173/node_modules/.vite/deps/three.module-BlkKCuoT.js?v=1132047e:1728
[    1049ms] [WARNING] THREE.THREE.Clock: This module has been deprecated. Please use THREE.Timer instead. @ http://localhost:5173/node_modules/.vite/deps/three.module-BlkKCuoT.js?v=1132047e:1728
[    1163ms] [WARNING] THREE.THREE.Clock: This module has been deprecated. Please use THREE.Timer instead. @ http://localhost:5173/node_modules/.vite/deps/three.module-BlkKCuoT.js?v=1132047e:1728
[    1172ms] [WARNING] THREE.THREE.Clock: This module has been deprecated. Please use THREE.Timer instead. @ http://localhost:5173/node_modules/.vite/deps/three.module-BlkKCuoT.js?v=1132047e:1728
[    1205ms] [WARNING] THREE.THREE.Clock: This module has been deprecated. Please use THREE.Timer instead. @ http://localhost:5173/node_modules/.vite/deps/three.module-BlkKCuoT.js?v=1132047e:1728
[    1216ms] [WARNING] THREE.THREE.Clock: This module has been deprecated. Please use THREE.Timer instead. @ http://localhost:5173/node_modules/.vite/deps/three.module-BlkKCuoT.js?v=1132047e:1728
[    1287ms] [WARNING] THREE.THREE.Clock: This module has been deprecated. Please use THREE.Timer instead. @ http://localhost:5173/node_modules/.vite/deps/three.module-BlkKCuoT.js?v=1132047e:1728
[    1298ms] [WARNING] THREE.THREE.Clock: This module has been deprecated. Please use THREE.Timer instead. @ http://localhost:5173/node_modules/.vite/deps/three.module-BlkKCuoT.js?v=1132047e:1728
[    1472ms] [WARNING] THREE.THREE.Clock: This module has been deprecated. Please use THREE.Timer instead. @ http://localhost:5173/node_modules/.vite/deps/three.module-BlkKCuoT.js?v=1132047e:1728
[    1484ms] [WARNING] THREE.THREE.Clock: This module has been deprecated. Please use THREE.Timer instead. @ http://localhost:5173/node_modules/.vite/deps/three.module-BlkKCuoT.js?v=1132047e:1728
[   30305ms] [ERROR] Failed to load resource: the server responded with a status of 403 (Forbidden) @ http://localhost:5173/api/v1/dashboard/hourly-activity:0
[   30357ms] [ERROR] Failed to load resource: the server responded with a status of 403 (Forbidden) @ http://localhost:5173/api/v1/dashboard/event-types:0
[   60341ms] [ERROR] Failed to load resource: the server responded with a status of 403 (Forbidden) @ http://localhost:5173/api/v1/dashboard/event-types:0
[   60341ms] [ERROR] Failed to load resource: the server responded with a status of 403 (Forbidden) @ http://localhost:5173/api/v1/dashboard/hourly-activity:0
[   90313ms] [ERROR] Failed to load resource: the server responded with a status of 403 (Forbidden) @ http://localhost:5173/api/v1/dashboard/event-types:0
[   90314ms] [ERROR] Failed to load resource: the server responded with a status of 403 (Forbidden) @ http://localhost:5173/api/v1/dashboard/hourly-activity:0
[  120302ms] [ERROR] Failed to load resource: the server responded with a status of 403 (Forbidden) @ http://localhost:5173/api/v1/dashboard/event-types:0
[  120304ms] [ERROR] Failed to load resource: the server responded with a status of 403 (Forbidden) @ http://localhost:5173/api/v1/dashboard/hourly-activity:0
[  150373ms] [ERROR] Failed to load resource: the server responded with a status of 403 (Forbidden) @ http://localhost:5173/api/v1/dashboard/event-types:0
[  150375ms] [ERROR] Failed to load resource: the server responded with a status of 403 (Forbidden) @ http://localhost:5173/api/v1/dashboard/hourly-activity:0
[  180303ms] [ERROR] Failed to load resource: the server responded with a status of 403 (Forbidden) @ http://localhost:5173/api/v1/dashboard/event-types:0
[  180358ms] [ERROR] Failed to load resource: the server responded with a status of 403 (Forbidden) @ http://localhost:5173/api/v1/dashboard/hourly-activity:0
[  210397ms] [ERROR] Failed to load resource: the server responded with a status of 403 (Forbidden) @ http://localhost:5173/api/v1/dashboard/event-types:0
[  210398ms] [ERROR] Failed to load resource: the server responded with a status of 403 (Forbidden) @ http://localhost:5173/api/v1/dashboard/hourly-activity:0
[  240320ms] [ERROR] Failed to load resource: the server responded with a status of 403 (Forbidden) @ http://localhost:5173/api/v1/dashboard/event-types:0
[  240322ms] [ERROR] Failed to load resource: the server responded with a status of 403 (Forbidden) @ http://localhost:5173/api/v1/dashboard/hourly-activity:0
[  270362ms] [ERROR] Failed to load resource: the server responded with a status of 403 (Forbidden) @ http://localhost:5173/api/v1/dashboard/hourly-activity:0
[  270364ms] [ERROR] Failed to load resource: the server responded with a status of 403 (Forbidden) @ http://localhost:5173/api/v1/dashboard/event-types:0
[  300340ms] [ERROR] Failed to load resource: the server responded with a status of 403 (Forbidden) @ http://localhost:5173/api/v1/dashboard/event-types:0
[  300340ms] [ERROR] Failed to load resource: the server responded with a status of 403 (Forbidden) @ http://localhost:5173/api/v1/dashboard/hourly-activity:0
[  330325ms] [ERROR] Failed to load resource: the server responded with a status of 403 (Forbidden) @ http://localhost:5173/api/v1/dashboard/event-types:0
[  330326ms] [ERROR] Failed to load resource: the server responded with a status of 403 (Forbidden) @ http://localhost:5173/api/v1/dashboard/hourly-activity:0
[  360298ms] [ERROR] Failed to load resource: the server responded with a status of 403 (Forbidden) @ http://localhost:5173/api/v1/dashboard/event-types:0
[  360300ms] [ERROR] Failed to load resource: the server responded with a status of 403 (Forbidden) @ http://localhost:5173/api/v1/dashboard/hourly-activity:0
[  390332ms] [ERROR] Failed to load resource: the server responded with a status of 403 (Forbidden) @ http://localhost:5173/api/v1/dashboard/hourly-activity:0
[  390333ms] [ERROR] Failed to load resource: the server responded with a status of 403 (Forbidden) @ http://localhost:5173/api/v1/dashboard/event-types:0
[  420397ms] [ERROR] Failed to load resource: the server responded with a status of 403 (Forbidden) @ http://localhost:5173/api/v1/dashboard/event-types:0
[  420397ms] [ERROR] Failed to load resource: the server responded with a status of 403 (Forbidden) @ http://localhost:5173/api/v1/dashboard/hourly-activity:0
[  450369ms] [ERROR] Failed to load resource: the server responded with a status of 403 (Forbidden) @ http://localhost:5173/api/v1/dashboard/hourly-activity:0
[  450370ms] [ERROR] Failed to load resource: the server responded with a status of 403 (Forbidden) @ http://localhost:5173/api/v1/dashboard/event-types:0
[  480363ms] [ERROR] Failed to load resource: the server responded with a status of 403 (Forbidden) @ http://localhost:5173/api/v1/dashboard/event-types:0
[  480364ms] [ERROR] Failed to load resource: the server responded with a status of 403 (Forbidden) @ http://localhost:5173/api/v1/dashboard/hourly-activity:0
[  510309ms] [ERROR] Failed to load resource: the server responded with a status of 403 (Forbidden) @ http://localhost:5173/api/v1/dashboard/event-types:0
[  510311ms] [ERROR] Failed to load resource: the server responded with a status of 403 (Forbidden) @ http://localhost:5173/api/v1/dashboard/hourly-activity:0
[  540287ms] [ERROR] Failed to load resource: the server responded with a status of 403 (Forbidden) @ http://localhost:5173/api/v1/dashboard/hourly-activity:0
[  540332ms] [ERROR] Failed to load resource: the server responded with a status of 403 (Forbidden) @ http://localhost:5173/api/v1/dashboard/event-types:0
[  570285ms] [ERROR] Failed to load resource: the server responded with a status of 403 (Forbidden) @ http://localhost:5173/api/v1/dashboard/event-types:0
[  570287ms] [ERROR] Failed to load resource: the server responded with a status of 403 (Forbidden) @ http://localhost:5173/api/v1/dashboard/hourly-activity:0
[  600290ms] [ERROR] Failed to load resource: the server responded with a status of 403 (Forbidden) @ http://localhost:5173/api/v1/dashboard/event-types:0
[  600291ms] [ERROR] Failed to load resource: the server responded with a status of 403 (Forbidden) @ http://localhost:5173/api/v1/dashboard/hourly-activity:0
[  630296ms] [ERROR] Failed to load resource: the server responded with a status of 403 (Forbidden) @ http://localhost:5173/api/v1/dashboard/hourly-activity:0
[  630298ms] [ERROR] Failed to load resource: the server responded with a status of 403 (Forbidden) @ http://localhost:5173/api/v1/dashboard/event-types:0
[  660369ms] [ERROR] Failed to load resource: the server responded with a status of 403 (Forbidden) @ http://localhost:5173/api/v1/dashboard/event-types:0
[  660369ms] [ERROR] Failed to load resource: the server responded with a status of 403 (Forbidden) @ http://localhost:5173/api/v1/dashboard/hourly-activity:0
[  690363ms] [ERROR] Failed to load resource: the server responded with a status of 403 (Forbidden) @ http://localhost:5173/api/v1/dashboard/event-types:0
[  690364ms] [ERROR] Failed to load resource: the server responded with a status of 403 (Forbidden) @ http://localhost:5173/api/v1/dashboard/hourly-activity:0
[  720385ms] [ERROR] Failed to load resource: the server responded with a status of 403 (Forbidden) @ http://localhost:5173/api/v1/dashboard/hourly-activity:0
[  720386ms] [ERROR] Failed to load resource: the server responded with a status of 403 (Forbidden) @ http://localhost:5173/api/v1/dashboard/event-types:0
[  750296ms] [ERROR] Failed to load resource: the server responded with a status of 403 (Forbidden) @ http://localhost:5173/api/v1/dashboard/hourly-activity:0
[  750368ms] [ERROR] Failed to load resource: the server responded with a status of 403 (Forbidden) @ http://localhost:5173/api/v1/dashboard/event-types:0
[  780345ms] [ERROR] Failed to load resource: the server responded with a status of 403 (Forbidden) @ http://localhost:5173/api/v1/dashboard/event-types:0
[  780346ms] [ERROR] Failed to load resource: the server responded with a status of 403 (Forbidden) @ http://localhost:5173/api/v1/dashboard/hourly-activity:0
[  810477ms] [ERROR] Failed to load resource: the server responded with a status of 403 (Forbidden) @ http://localhost:5173/api/v1/dashboard/hourly-activity:0
[  810478ms] [ERROR] Failed to load resource: the server responded with a status of 403 (Forbidden) @ http://localhost:5173/api/v1/dashboard/event-types:0
[  840331ms] [ERROR] Failed to load resource: the server responded with a status of 403 (Forbidden) @ http://localhost:5173/api/v1/dashboard/event-types:0
[  840331ms] [ERROR] Failed to load resource: the server responded with a status of 403 (Forbidden) @ http://localhost:5173/api/v1/dashboard/hourly-activity:0
[  870374ms] [ERROR] Failed to load resource: the server responded with a status of 403 (Forbidden) @ http://localhost:5173/api/v1/dashboard/hourly-activity:0
[  870375ms] [ERROR] Failed to load resource: the server responded with a status of 403 (Forbidden) @ http://localhost:5173/api/v1/dashboard/event-types:0
[  900318ms] [ERROR] Failed to load resource: the server responded with a status of 403 (Forbidden) @ http://localhost:5173/api/v1/dashboard/hourly-activity:0
[  900320ms] [ERROR] Failed to load resource: the server responded with a status of 403 (Forbidden) @ http://localhost:5173/api/v1/dashboard/event-types:0
[  930297ms] [ERROR] Failed to load resource: the server responded with a status of 403 (Forbidden) @ http://localhost:5173/api/v1/dashboard/event-types:0
[  930352ms] [ERROR] Failed to load resource: the server responded with a status of 403 (Forbidden) @ http://localhost:5173/api/v1/dashboard/hourly-activity:0
[  960317ms] [ERROR] Failed to load resource: the server responded with a status of 403 (Forbidden) @ http://localhost:5173/api/v1/dashboard/hourly-activity:0
[  960318ms] [ERROR] Failed to load resource: the server responded with a status of 403 (Forbidden) @ http://localhost:5173/api/v1/dashboard/event-types:0
[  990315ms] [ERROR] Failed to load resource: the server responded with a status of 403 (Forbidden) @ http://localhost:5173/api/v1/dashboard/event-types:0
[  990316ms] [ERROR] Failed to load resource: the server responded with a status of 403 (Forbidden) @ http://localhost:5173/api/v1/dashboard/hourly-activity:0
[ 1020306ms] [ERROR] Failed to load resource: the server responded with a status of 403 (Forbidden) @ http://localhost:5173/api/v1/dashboard/event-types:0
[ 1020307ms] [ERROR] Failed to load resource: the server responded with a status of 403 (Forbidden) @ http://localhost:5173/api/v1/dashboard/hourly-activity:0
[ 1050355ms] [ERROR] Failed to load resource: the server responded with a status of 403 (Forbidden) @ http://localhost:5173/api/v1/dashboard/event-types:0
[ 1050356ms] [ERROR] Failed to load resource: the server responded with a status of 403 (Forbidden) @ http://localhost:5173/api/v1/dashboard/hourly-activity:0
[ 1080341ms] [ERROR] Failed to load resource: the server responded with a status of 403 (Forbidden) @ http://localhost:5173/api/v1/dashboard/event-types:0
[ 1080343ms] [ERROR] Failed to load resource: the server responded with a status of 403 (Forbidden) @ http://localhost:5173/api/v1/dashboard/hourly-activity:0
[ 1110286ms] [ERROR] Failed to load resource: the server responded with a status of 403 (Forbidden) @ http://localhost:5173/api/v1/dashboard/event-types:0
[ 1110288ms] [ERROR] Failed to load resource: the server responded with a status of 403 (Forbidden) @ http://localhost:5173/api/v1/dashboard/hourly-activity:0
[ 1140288ms] [ERROR] Failed to load resource: the server responded with a status of 403 (Forbidden) @ http://localhost:5173/api/v1/dashboard/hourly-activity:0
[ 1140289ms] [ERROR] Failed to load resource: the server responded with a status of 403 (Forbidden) @ http://localhost:5173/api/v1/dashboard/event-types:0
[ 1170505ms] [ERROR] Failed to load resource: the server responded with a status of 403 (Forbidden) @ http://localhost:5173/api/v1/dashboard/hourly-activity:0
[ 1170506ms] [ERROR] Failed to load resource: the server responded with a status of 403 (Forbidden) @ http://localhost:5173/api/v1/dashboard/event-types:0
[ 1200408ms] [ERROR] Failed to load resource: the server responded with a status of 403 (Forbidden) @ http://localhost:5173/api/v1/dashboard/event-types:0
[ 1200409ms] [ERROR] Failed to load resource: the server responded with a status of 403 (Forbidden) @ http://localhost:5173/api/v1/dashboard/hourly-activity:0
[ 1230353ms] [ERROR] Failed to load resource: the server responded with a status of 403 (Forbidden) @ http://localhost:5173/api/v1/dashboard/event-types:0
[ 1230354ms] [ERROR] Failed to load resource: the server responded with a status of 403 (Forbidden) @ http://localhost:5173/api/v1/dashboard/hourly-activity:0
[ 1260313ms] [ERROR] Failed to load resource: the server responded with a status of 403 (Forbidden) @ http://localhost:5173/api/v1/dashboard/hourly-activity:0
[ 1260360ms] [ERROR] Failed to load resource: the server responded with a status of 403 (Forbidden) @ http://localhost:5173/api/v1/dashboard/event-types:0
[ 1290320ms] [ERROR] Failed to load resource: the server responded with a status of 403 (Forbidden) @ http://localhost:5173/api/v1/dashboard/hourly-activity:0
[ 1290320ms] [ERROR] Failed to load resource: the server responded with a status of 403 (Forbidden) @ http://localhost:5173/api/v1/dashboard/event-types:0
[ 1320308ms] [ERROR] Failed to load resource: the server responded with a status of 403 (Forbidden) @ http://localhost:5173/api/v1/dashboard/event-types:0
[ 1320310ms] [ERROR] Failed to load resource: the server responded with a status of 403 (Forbidden) @ http://localhost:5173/api/v1/dashboard/hourly-activity:0
[ 1350349ms] [ERROR] Failed to load resource: the server responded with a status of 403 (Forbidden) @ http://localhost:5173/api/v1/dashboard/hourly-activity:0
[ 1350349ms] [ERROR] Failed to load resource: the server responded with a status of 403 (Forbidden) @ http://localhost:5173/api/v1/dashboard/event-types:0
[ 1380378ms] [ERROR] Failed to load resource: the server responded with a status of 403 (Forbidden) @ http://localhost:5173/api/v1/dashboard/hourly-activity:0
[ 1380379ms] [ERROR] Failed to load resource: the server responded with a status of 403 (Forbidden) @ http://localhost:5173/api/v1/dashboard/event-types:0
[ 1410324ms] [ERROR] Failed to load resource: the server responded with a status of 403 (Forbidden) @ http://localhost:5173/api/v1/dashboard/hourly-activity:0
[ 1410357ms] [ERROR] Failed to load resource: the server responded with a status of 403 (Forbidden) @ http://localhost:5173/api/v1/dashboard/event-types:0
[ 1440363ms] [ERROR] Failed to load resource: the server responded with a status of 403 (Forbidden) @ http://localhost:5173/api/v1/dashboard/event-types:0
[ 1440364ms] [ERROR] Failed to load resource: the server responded with a status of 403 (Forbidden) @ http://localhost:5173/api/v1/dashboard/hourly-activity:0
[ 1470289ms] [ERROR] Failed to load resource: the server responded with a status of 403 (Forbidden) @ http://localhost:5173/api/v1/dashboard/hourly-activity:0
[ 1470290ms] [ERROR] Failed to load resource: the server responded with a status of 403 (Forbidden) @ http://localhost:5173/api/v1/dashboard/event-types:0
[ 1500349ms] [ERROR] Failed to load resource: the server responded with a status of 403 (Forbidden) @ http://localhost:5173/api/v1/dashboard/hourly-activity:0
[ 1500349ms] [ERROR] Failed to load resource: the server responded with a status of 403 (Forbidden) @ http://localhost:5173/api/v1/dashboard/event-types:0
[ 1530345ms] [ERROR] Failed to load resource: the server responded with a status of 403 (Forbidden) @ http://localhost:5173/api/v1/dashboard/hourly-activity:0
[ 1530346ms] [ERROR] Failed to load resource: the server responded with a status of 403 (Forbidden) @ http://localhost:5173/api/v1/dashboard/event-types:0
