[      21ms] TypeError: Cannot read properties of undefined (reading 'dashOffset')
    at Object.current (http://localhost:5173/src/components/intel/ThreatGlobe3D.jsx:188:29)
    at update (http://localhost:5173/node_modules/.vite/deps/react-three-fiber.esm-S8bBd4UI.js?v=577d7362:9063:20)
    at loop (http://localhost:5173/node_modules/.vite/deps/react-three-fiber.esm-S8bBd4UI.js?v=577d7362:9083:175)
[      43ms] TypeError: Cannot read properties of undefined (reading 'dashOffset')
    at Object.current (http://localhost:5173/src/components/intel/ThreatGlobe3D.jsx:188:29)
    at update (http://localhost:5173/node_modules/.vite/deps/react-three-fiber.esm-S8bBd4UI.js?v=577d7362:9063:20)
    at loop (http://localhost:5173/node_modules/.vite/deps/react-three-fiber.esm-S8bBd4UI.js?v=577d7362:9083:175)
[      72ms] TypeError: Cannot read properties of undefined (reading 'dashOffset')
    at Object.current (http://localhost:5173/src/components/intel/ThreatGlobe3D.jsx:188:29)
    at update (http://localhost:5173/node_modules/.vite/deps/react-three-fiber.esm-S8bBd4UI.js?v=577d7362:9063:20)
    at loop (http://localhost:5173/node_modules/.vite/deps/react-three-fiber.esm-S8bBd4UI.js?v=577d7362:9083:175)
[     102ms] TypeError: Cannot read properties of undefined (reading 'dashOffset')
    at Object.current (http://localhost:5173/src/components/intel/ThreatGlobe3D.jsx:188:29)
    at update (http://localhost:5173/node_modules/.vite/deps/react-three-fiber.esm-S8bBd4UI.js?v=577d7362:9063:20)
    at loop (http://localhost:5173/node_modules/.vite/deps/react-three-fiber.esm-S8bBd4UI.js?v=577d7362:9083:175)
[     125ms] TypeError: Cannot read properties of undefined (reading 'dashOffset')
    at Object.current (http://localhost:5173/src/components/intel/ThreatGlobe3D.jsx:188:29)
    at update (http://localhost:5173/node_modules/.vite/deps/react-three-fiber.esm-S8bBd4UI.js?v=577d7362:9063:20)
    at loop (http://localhost:5173/node_modules/.vite/deps/react-three-fiber.esm-S8bBd4UI.js?v=577d7362:9083:175)
[     152ms] TypeError: Cannot read properties of undefined (reading 'dashOffset')
    at Object.current (http://localhost:5173/src/components/intel/ThreatGlobe3D.jsx:188:29)
    at update (http://localhost:5173/node_modules/.vite/deps/react-three-fiber.esm-S8bBd4UI.js?v=577d7362:9063:20)
    at loop (http://localhost:5173/node_modules/.vite/deps/react-three-fiber.esm-S8bBd4UI.js?v=577d7362:9083:175)
[     172ms] TypeError: Cannot read properties of undefined (reading 'dashOffset')
    at Object.current (http://localhost:5173/src/components/intel/ThreatGlobe3D.jsx:188:29)
    at update (http://localhost:5173/node_modules/.vite/deps/react-three-fiber.esm-S8bBd4UI.js?v=577d7362:9063:20)
    at loop (http://localhost:5173/node_modules/.vite/deps/react-three-fiber.esm-S8bBd4UI.js?v=577d7362:9083:175)
[     201ms] TypeError: Cannot read properties of undefined (reading 'dashOffset')
    at Object.current (http://localhost:5173/src/components/intel/ThreatGlobe3D.jsx:188:29)
    at update (http://localhost:5173/node_modules/.vite/deps/react-three-fiber.esm-S8bBd4UI.js?v=577d7362:9063:20)
    at loop (http://localhost:5173/node_modules/.vite/deps/react-three-fiber.esm-S8bBd4UI.js?v=577d7362:9083:175)
[     221ms] TypeError: Cannot read properties of undefined (reading 'dashOffset')
    at Object.current (http://localhost:5173/src/components/intel/ThreatGlobe3D.jsx:188:29)
    at update (http://localhost:5173/node_modules/.vite/deps/react-three-fiber.esm-S8bBd4UI.js?v=577d7362:9063:20)
    at loop (http://localhost:5173/node_modules/.vite/deps/react-three-fiber.esm-S8bBd4UI.js?v=577d7362:9083:175)
[     249ms] TypeError: Cannot read properties of undefined (reading 'dashOffset')
    at Object.current (http://localhost:5173/src/components/intel/ThreatGlobe3D.jsx:188:29)
    at update (http://localhost:5173/node_modules/.vite/deps/react-three-fiber.esm-S8bBd4UI.js?v=577d7362:9063:20)
    at loop (http://localhost:5173/node_modules/.vite/deps/react-three-fiber.esm-S8bBd4UI.js?v=577d7362:9083:175)
[     268ms] TypeError: Cannot read properties of undefined (reading 'dashOffset')
    at Object.current (http://localhost:5173/src/components/intel/ThreatGlobe3D.jsx:188:29)
    at update (http://localhost:5173/node_modules/.vite/deps/react-three-fiber.esm-S8bBd4UI.js?v=577d7362:9063:20)
    at loop (http://localhost:5173/node_modules/.vite/deps/react-three-fiber.esm-S8bBd4UI.js?v=577d7362:9083:175)
[     315ms] TypeError: Cannot read properties of undefined (reading 'dashOffset')
    at Object.current (http://localhost:5173/src/components/intel/ThreatGlobe3D.jsx:188:29)
    at update (http://localhost:5173/node_modules/.vite/deps/react-three-fiber.esm-S8bBd4UI.js?v=577d7362:9063:20)
    at loop (http://localhost:5173/node_modules/.vite/deps/react-three-fiber.esm-S8bBd4UI.js?v=577d7362:9083:175)
[     341ms] TypeError: Cannot read properties of undefined (reading 'dashOffset')
    at Object.current (http://localhost:5173/src/components/intel/ThreatGlobe3D.jsx:188:29)
    at update (http://localhost:5173/node_modules/.vite/deps/react-three-fiber.esm-S8bBd4UI.js?v=577d7362:9063:20)
    at loop (http://localhost:5173/node_modules/.vite/deps/react-three-fiber.esm-S8bBd4UI.js?v=577d7362:9083:175)
[     364ms] TypeError: Cannot read properties of undefined (reading 'dashOffset')
    at Object.current (http://localhost:5173/src/components/intel/ThreatGlobe3D.jsx:188:29)
    at update (http://localhost:5173/node_modules/.vite/deps/react-three-fiber.esm-S8bBd4UI.js?v=577d7362:9063:20)
    at loop (http://localhost:5173/node_modules/.vite/deps/react-three-fiber.esm-S8bBd4UI.js?v=577d7362:9083:175)
[     390ms] TypeError: Cannot read properties of undefined (reading 'dashOffset')
    at Object.current (http://localhost:5173/src/components/intel/ThreatGlobe3D.jsx:188:29)
    at update (http://localhost:5173/node_modules/.vite/deps/react-three-fiber.esm-S8bBd4UI.js?v=577d7362:9063:20)
    at loop (http://localhost:5173/node_modules/.vite/deps/react-three-fiber.esm-S8bBd4UI.js?v=577d7362:9083:175)
[     415ms] TypeError: Cannot read properties of undefined (reading 'dashOffset')
    at Object.current (http://localhost:5173/src/components/intel/ThreatGlobe3D.jsx:188:29)
    at update (http://localhost:5173/node_modules/.vite/deps/react-three-fiber.esm-S8bBd4UI.js?v=577d7362:9063:20)
    at loop (http://localhost:5173/node_modules/.vite/deps/react-three-fiber.esm-S8bBd4UI.js?v=577d7362:9083:175)
[     444ms] TypeError: Cannot read properties of undefined (reading 'dashOffset')
    at Object.current (http://localhost:5173/src/components/intel/ThreatGlobe3D.jsx:188:29)
    at update (http://localhost:5173/node_modules/.vite/deps/react-three-fiber.esm-S8bBd4UI.js?v=577d7362:9063:20)
    at loop (http://localhost:5173/node_modules/.vite/deps/react-three-fiber.esm-S8bBd4UI.js?v=577d7362:9083:175)
[     447ms] TypeError: Cannot read properties of undefined (reading 'dashOffset')
    at Object.current (http://localhost:5173/src/components/intel/ThreatGlobe3D.jsx:188:29)
    at update (http://localhost:5173/node_modules/.vite/deps/react-three-fiber.esm-S8bBd4UI.js?v=577d7362:9063:20)
    at loop (http://localhost:5173/node_modules/.vite/deps/react-three-fiber.esm-S8bBd4UI.js?v=577d7362:9083:175)
[     477ms] TypeError: Cannot read properties of undefined (reading 'dashOffset')
    at Object.current (http://localhost:5173/src/components/intel/ThreatGlobe3D.jsx:188:29)
    at update (http://localhost:5173/node_modules/.vite/deps/react-three-fiber.esm-S8bBd4UI.js?v=577d7362:9063:20)
    at loop (http://localhost:5173/node_modules/.vite/deps/react-three-fiber.esm-S8bBd4UI.js?v=577d7362:9083:175)
[     500ms] TypeError: Cannot read properties of undefined (reading 'dashOffset')
    at Object.current (http://localhost:5173/src/components/intel/ThreatGlobe3D.jsx:188:29)
    at update (http://localhost:5173/node_modules/.vite/deps/react-three-fiber.esm-S8bBd4UI.js?v=577d7362:9063:20)
    at loop (http://localhost:5173/node_modules/.vite/deps/react-three-fiber.esm-S8bBd4UI.js?v=577d7362:9083:175)
[     533ms] TypeError: Cannot read properties of undefined (reading 'dashOffset')
    at Object.current (http://localhost:5173/src/components/intel/ThreatGlobe3D.jsx:188:29)
    at update (http://localhost:5173/node_modules/.vite/deps/react-three-fiber.esm-S8bBd4UI.js?v=577d7362:9063:20)
    at loop (http://localhost:5173/node_modules/.vite/deps/react-three-fiber.esm-S8bBd4UI.js?v=577d7362:9083:175)
[     560ms] TypeError: Cannot read properties of undefined (reading 'dashOffset')
    at Object.current (http://localhost:5173/src/components/intel/ThreatGlobe3D.jsx:188:29)
    at update (http://localhost:5173/node_modules/.vite/deps/react-three-fiber.esm-S8bBd4UI.js?v=577d7362:9063:20)
    at loop (http://localhost:5173/node_modules/.vite/deps/react-three-fiber.esm-S8bBd4UI.js?v=577d7362:9083:175)
[     589ms] TypeError: Cannot read properties of undefined (reading 'dashOffset')
    at Object.current (http://localhost:5173/src/components/intel/ThreatGlobe3D.jsx:188:29)
    at update (http://localhost:5173/node_modules/.vite/deps/react-three-fiber.esm-S8bBd4UI.js?v=577d7362:9063:20)
    at loop (http://localhost:5173/node_modules/.vite/deps/react-three-fiber.esm-S8bBd4UI.js?v=577d7362:9083:175)
[     620ms] TypeError: Cannot read properties of undefined (reading 'dashOffset')
    at Object.current (http://localhost:5173/src/components/intel/ThreatGlobe3D.jsx:188:29)
    at update (http://localhost:5173/node_modules/.vite/deps/react-three-fiber.esm-S8bBd4UI.js?v=577d7362:9063:20)
    at loop (http://localhost:5173/node_modules/.vite/deps/react-three-fiber.esm-S8bBd4UI.js?v=577d7362:9083:175)
[     650ms] TypeError: Cannot read properties of undefined (reading 'dashOffset')
    at Object.current (http://localhost:5173/src/components/intel/ThreatGlobe3D.jsx:188:29)
    at update (http://localhost:5173/node_modules/.vite/deps/react-three-fiber.esm-S8bBd4UI.js?v=577d7362:9063:20)
    at loop (http://localhost:5173/node_modules/.vite/deps/react-three-fiber.esm-S8bBd4UI.js?v=577d7362:9083:175)
[     698ms] TypeError: Cannot read properties of undefined (reading 'dashOffset')
    at Object.current (http://localhost:5173/src/components/intel/ThreatGlobe3D.jsx:188:29)
    at update (http://localhost:5173/node_modules/.vite/deps/react-three-fiber.esm-S8bBd4UI.js?v=577d7362:9063:20)
    at loop (http://localhost:5173/node_modules/.vite/deps/react-three-fiber.esm-S8bBd4UI.js?v=577d7362:9083:175)
[     726ms] TypeError: Cannot read properties of undefined (reading 'dashOffset')
    at Object.current (http://localhost:5173/src/components/intel/ThreatGlobe3D.jsx:188:29)
    at update (http://localhost:5173/node_modules/.vite/deps/react-three-fiber.esm-S8bBd4UI.js?v=577d7362:9063:20)
    at loop (http://localhost:5173/node_modules/.vite/deps/react-three-fiber.esm-S8bBd4UI.js?v=577d7362:9083:175)
[     735ms] TypeError: Cannot read properties of undefined (reading 'dashOffset')
    at Object.current (http://localhost:5173/src/components/intel/ThreatGlobe3D.jsx:188:29)
    at update (http://localhost:5173/node_modules/.vite/deps/react-three-fiber.esm-S8bBd4UI.js?v=577d7362:9063:20)
    at loop (http://localhost:5173/node_modules/.vite/deps/react-three-fiber.esm-S8bBd4UI.js?v=577d7362:9083:175)
[     786ms] TypeError: Cannot read properties of undefined (reading 'dashOffset')
    at Object.current (http://localhost:5173/src/components/intel/ThreatGlobe3D.jsx:188:29)
    at update (http://localhost:5173/node_modules/.vite/deps/react-three-fiber.esm-S8bBd4UI.js?v=577d7362:9063:20)
    at loop (http://localhost:5173/node_modules/.vite/deps/react-three-fiber.esm-S8bBd4UI.js?v=577d7362:9083:175)
[     814ms] TypeError: Cannot read properties of undefined (reading 'dashOffset')
    at Object.current (http://localhost:5173/src/components/intel/ThreatGlobe3D.jsx:188:29)
    at update (http://localhost:5173/node_modules/.vite/deps/react-three-fiber.esm-S8bBd4UI.js?v=577d7362:9063:20)
    at loop (http://localhost:5173/node_modules/.vite/deps/react-three-fiber.esm-S8bBd4UI.js?v=577d7362:9083:175)
[     846ms] TypeError: Cannot read properties of undefined (reading 'dashOffset')
    at Object.current (http://localhost:5173/src/components/intel/ThreatGlobe3D.jsx:188:29)
    at update (http://localhost:5173/node_modules/.vite/deps/react-three-fiber.esm-S8bBd4UI.js?v=577d7362:9063:20)
    at loop (http://localhost:5173/node_modules/.vite/deps/react-three-fiber.esm-S8bBd4UI.js?v=577d7362:9083:175)
[     850ms] TypeError: Cannot read properties of undefined (reading 'dashOffset')
    at Object.current (http://localhost:5173/src/components/intel/ThreatGlobe3D.jsx:188:29)
    at update (http://localhost:5173/node_modules/.vite/deps/react-three-fiber.esm-S8bBd4UI.js?v=577d7362:9063:20)
    at loop (http://localhost:5173/node_modules/.vite/deps/react-three-fiber.esm-S8bBd4UI.js?v=577d7362:9083:175)
[     880ms] TypeError: Cannot read properties of undefined (reading 'dashOffset')
    at Object.current (http://localhost:5173/src/components/intel/ThreatGlobe3D.jsx:188:29)
    at update (http://localhost:5173/node_modules/.vite/deps/react-three-fiber.esm-S8bBd4UI.js?v=577d7362:9063:20)
    at loop (http://localhost:5173/node_modules/.vite/deps/react-three-fiber.esm-S8bBd4UI.js?v=577d7362:9083:175)
[     909ms] TypeError: Cannot read properties of undefined (reading 'dashOffset')
    at Object.current (http://localhost:5173/src/components/intel/ThreatGlobe3D.jsx:188:29)
    at update (http://localhost:5173/node_modules/.vite/deps/react-three-fiber.esm-S8bBd4UI.js?v=577d7362:9063:20)
    at loop (http://localhost:5173/node_modules/.vite/deps/react-three-fiber.esm-S8bBd4UI.js?v=577d7362:9083:175)
[     933ms] TypeError: Cannot read properties of undefined (reading 'dashOffset')
    at Object.current (http://localhost:5173/src/components/intel/ThreatGlobe3D.jsx:188:29)
    at update (http://localhost:5173/node_modules/.vite/deps/react-three-fiber.esm-S8bBd4UI.js?v=577d7362:9063:20)
    at loop (http://localhost:5173/node_modules/.vite/deps/react-three-fiber.esm-S8bBd4UI.js?v=577d7362:9083:175)
[     986ms] TypeError: Cannot read properties of undefined (reading 'dashOffset')
    at Object.current (http://localhost:5173/src/components/intel/ThreatGlobe3D.jsx:188:29)
    at update (http://localhost:5173/node_modules/.vite/deps/react-three-fiber.esm-S8bBd4UI.js?v=577d7362:9063:20)
    at loop (http://localhost:5173/node_modules/.vite/deps/react-three-fiber.esm-S8bBd4UI.js?v=577d7362:9083:175)
[    1014ms] TypeError: Cannot read properties of undefined (reading 'dashOffset')
    at Object.current (http://localhost:5173/src/components/intel/ThreatGlobe3D.jsx:188:29)
    at update (http://localhost:5173/node_modules/.vite/deps/react-three-fiber.esm-S8bBd4UI.js?v=577d7362:9063:20)
    at loop (http://localhost:5173/node_modules/.vite/deps/react-three-fiber.esm-S8bBd4UI.js?v=577d7362:9083:175)
[    1050ms] TypeError: Cannot read properties of undefined (reading 'dashOffset')
    at Object.current (http://localhost:5173/src/components/intel/ThreatGlobe3D.jsx:188:29)
    at update (http://localhost:5173/node_modules/.vite/deps/react-three-fiber.esm-S8bBd4UI.js?v=577d7362:9063:20)
    at loop (http://localhost:5173/node_modules/.vite/deps/react-three-fiber.esm-S8bBd4UI.js?v=577d7362:9083:175)
[    1051ms] TypeError: Cannot read properties of undefined (reading 'dashOffset')
    at Object.current (http://localhost:5173/src/components/intel/ThreatGlobe3D.jsx:188:29)
    at update (http://localhost:5173/node_modules/.vite/deps/react-three-fiber.esm-S8bBd4UI.js?v=577d7362:9063:20)
    at loop (http://localhost:5173/node_modules/.vite/deps/react-three-fiber.esm-S8bBd4UI.js?v=577d7362:9083:175)
[    1331ms] [INFO] %cDownload the React DevTools for a better development experience: https://react.dev/link/react-devtools font-weight:bold @ http://localhost:5173/node_modules/.vite/deps/react-dom_client.js?v=9e46a294:14090
