[     118ms] [INFO] %cDownload the React DevTools for a better development experience: https://react.dev/link/react-devtools font-weight:bold @ http://localhost:5173/node_modules/.vite/deps/react-dom_client.js?v=9e46a294:14090
[     299ms] [VERBOSE] [DOM] Input elements should have autocomplete attributes (suggested: "current-password"): (More info: https://goo.gl/9p2vKq) %o @ http://localhost:5173/login:0
[     569ms] [WARNING] THREE.THREE.Clock: This module has been deprecated. Please use THREE.Timer instead. @ http://localhost:5173/@vite/client:509
[     603ms] [WARNING] THREE.THREE.Clock: This module has been deprecated. Please use THREE.Timer instead. @ http://localhost:5173/@vite/client:509
[     621ms] [WARNING] THREE.THREE.Clock: This module has been deprecated. Please use THREE.Timer instead. @ http://localhost:5173/@vite/client:509
[    9599ms] [ERROR] Failed to load resource: the server responded with a status of 403 (Forbidden) @ http://localhost:5173/api/v1/dashboard/hourly-activity:0
[    9601ms] [ERROR] Failed to load resource: the server responded with a status of 403 (Forbidden) @ http://localhost:5173/api/v1/dashboard/event-types:0
[    9665ms] [ERROR] Failed to load resource: the server responded with a status of 403 (Forbidden) @ http://localhost:5173/api/v1/dashboard/hourly-activity:0
[    9667ms] [ERROR] Failed to load resource: the server responded with a status of 403 (Forbidden) @ http://localhost:5173/api/v1/dashboard/event-types:0
[    9736ms] [WARNING] THREE.THREE.Clock: This module has been deprecated. Please use THREE.Timer instead. @ http://localhost:5173/@vite/client:509
[    9768ms] [WARNING] THREE.THREE.Clock: This module has been deprecated. Please use THREE.Timer instead. @ http://localhost:5173/@vite/client:509
[   19158ms] [INFO] %cDownload the React DevTools for a better development experience: https://react.dev/link/react-devtools font-weight:bold @ http://localhost:5173/node_modules/.vite/deps/react-dom_client.js?v=9e46a294:14090
[   19323ms] [WARNING] THREE.THREE.Clock: This module has been deprecated. Please use THREE.Timer instead. @ http://localhost:5173/@vite/client:509
[   19333ms] [WARNING] THREE.THREE.Clock: This module has been deprecated. Please use THREE.Timer instead. @ http://localhost:5173/@vite/client:509
[   19343ms] [WARNING] THREE.THREE.Clock: This module has been deprecated. Please use THREE.Timer instead. @ http://localhost:5173/@vite/client:509
[   19386ms] [WARNING] THREE.THREE.Clock: This module has been deprecated. Please use THREE.Timer instead. @ http://localhost:5173/@vite/client:509
[   19418ms] [WARNING] THREE.THREE.Clock: This module has been deprecated. Please use THREE.Timer instead. @ http://localhost:5173/@vite/client:509
[   19422ms] [VERBOSE] [DOM] Input elements should have autocomplete attributes (suggested: "current-password"): (More info: https://goo.gl/9p2vKq) %o @ http://localhost:5173/login:0
[   19499ms] [WARNING] THREE.THREE.Clock: This module has been deprecated. Please use THREE.Timer instead. @ http://localhost:5173/@vite/client:509
[   19508ms] [WARNING] THREE.THREE.Clock: This module has been deprecated. Please use THREE.Timer instead. @ http://localhost:5173/@vite/client:509
[   58279ms] [ERROR] Failed to load resource: the server responded with a status of 403 (Forbidden) @ http://localhost:5173/api/v1/dashboard/hourly-activity:0
[   58281ms] [ERROR] Failed to load resource: the server responded with a status of 403 (Forbidden) @ http://localhost:5173/api/v1/dashboard/event-types:0
[   58322ms] [ERROR] Failed to load resource: the server responded with a status of 403 (Forbidden) @ http://localhost:5173/api/v1/dashboard/hourly-activity:0
[   58325ms] [ERROR] Failed to load resource: the server responded with a status of 403 (Forbidden) @ http://localhost:5173/api/v1/dashboard/event-types:0
[   58396ms] [WARNING] THREE.THREE.Clock: This module has been deprecated. Please use THREE.Timer instead. @ http://localhost:5173/@vite/client:509
[   58409ms] [WARNING] THREE.THREE.Clock: This module has been deprecated. Please use THREE.Timer instead. @ http://localhost:5173/@vite/client:509
[   88317ms] [ERROR] Failed to load resource: the server responded with a status of 403 (Forbidden) @ http://localhost:5173/api/v1/dashboard/hourly-activity:0
[   88318ms] [ERROR] Failed to load resource: the server responded with a status of 403 (Forbidden) @ http://localhost:5173/api/v1/dashboard/event-types:0
